<?xml version="1.0" encoding="UTF-8"?>
<!-- Generated by org.testng.reporters.JUnitReportReporter -->
<testsuite skipped="0" hostname="LAPTOP-1OQTA80I" name="lambdatest.practice.TestScenario1_CHROME" tests="1" failures="0" timestamp="2023-06-04T19:11:45 IST" time="11.998" errors="0">
  <testcase name="myTest" time="11.998" classname="lambdatest.practice.TestScenario1_CHROME"/>
  <system-out/>
</testsuite> <!-- lambdatest.practice.TestScenario1_CHROME -->
