<?xml version="1.0" encoding="UTF-8"?>
<!-- Generated by org.testng.reporters.JUnitReportReporter -->
<testsuite skipped="0" hostname="LAPTOP-1OQTA80I" name="lambdatest.practice.TestScenario2_Edge" tests="1" failures="0" timestamp="2023-06-04T19:13:30 IST" time="27.343" errors="0">
  <testcase name="myTest" time="27.343" classname="lambdatest.practice.TestScenario2_Edge"/>
  <system-out/>
</testsuite> <!-- lambdatest.practice.TestScenario2_Edge -->
